<?xml version="1.0" encoding="UTF-8"?>
<!-- Generated by org.testng.reporters.JUnitReportReporter -->
<testsuite hostname="Naveen" failures="0" tests="6" name="com.tutorialNinja.qa.TestCase.Registor" time="26.070" errors="0" timestamp="2023-11-20T19:13:15 IST" skipped="0">
  <testcase classname="com.tutorialNinja.qa.TestCase.Registor" name="verifyRegisteringAnAccountByProvidingOnlyTheMandatoryFields" time="4.525"/>
  <testcase classname="com.tutorialNinja.qa.TestCase.Registor" name="verifyRegisteringWithoutEnteringCredentials" time="4.006"/>
  <testcase classname="com.tutorialNinja.qa.TestCase.Registor" name="verifyRegisteringAnAccountBySelectingYesSubscribtion" time="4.080"/>
  <testcase classname="com.tutorialNinja.qa.TestCase.Registor" name="verifyRegisteringAnAccountByEnteringDifferentPasswordsIntoPasswordAndPasswordConfirmFields" time="3.988"/>
  <testcase classname="com.tutorialNinja.qa.TestCase.Registor" name="verifyRegisteringAnAccountByProvidingTheExistingAccountDetails" time="5.115"/>
  <testcase classname="com.tutorialNinja.qa.TestCase.Registor" name="vVerifyRegisteringAnAccountByProvidingAnInvalidEmailAddressIntoTheEmailField" time="4.356"/>
</testsuite> <!-- com.tutorialNinja.qa.TestCase.Registor -->
